#*************************************************************
        AUTHOR         :    Bernard-ng
        PROJECT        :    NG-PICTURES
        LINK           :    https://larytech.com
        BUILT AT       :    13-Jul-2018  19:20:15
**************************************************************
[NG-PICTURES MESSAGES LOGS] 

* D:\sites\ng-pictures\src\Core\Database\MysqlDatabase.php	110
		=> 13-Jul 19:20 : SQLSTATE[42S22]: Column not found: 1054 Champ 'albums_id' inconnu dans where clause  

* D:\sites\ng-pictures\src\Core\Database\MysqlDatabase.php	110
		=> 13-Jul 19:20 : SQLSTATE[42S22]: Column not found: 1054 Champ 'albums_id' inconnu dans where clause  

* D:\sites\ng-pictures\src\Core\Database\MysqlDatabase.php	110
		=> 13-Jul 19:20 : SQLSTATE[42S22]: Column not found: 1054 Champ 'albums_id' inconnu dans where clause  

* D:\sites\ng-pictures\src\Core\Database\MysqlDatabase.php	110
		=> 13-Jul 19:22 : SQLSTATE[42S22]: Column not found: 1054 Champ 'albums_id' inconnu dans where clause  

* D:\sites\ng-pictures\src\Core\Database\MysqlDatabase.php	110
		=> 13-Jul 19:23 : SQLSTATE[42S22]: Column not found: 1054 Champ 'albums_id' inconnu dans where clause  

* D:\sites\ng-pictures\src\Core\Database\MysqlDatabase.php	110
		=> 13-Jul 19:23 : SQLSTATE[42S22]: Column not found: 1054 Champ 'albums_id' inconnu dans where clause  

* D:\sites\ng-pictures\src\Core\Database\MysqlDatabase.php	110
		=> 13-Jul 19:24 : SQLSTATE[42S22]: Column not found: 1054 Champ 'albums_id' inconnu dans where clause  

* D:\sites\ng-pictures\src\Core\Database\MysqlDatabase.php	110
		=> 13-Jul 19:24 : SQLSTATE[42S22]: Column not found: 1054 Champ 'albums_id' inconnu dans where clause  

* D:\sites\ng-pictures\src\Core\Database\MysqlDatabase.php	110
		=> 13-Jul 19:24 : SQLSTATE[42S22]: Column not found: 1054 Champ 'albums_id' inconnu dans where clause  

* D:\sites\ng-pictures\src\Core\Database\MysqlDatabase.php	78
		=> 13-Jul 19:29 : SQLSTATE[42000]: Syntax error or access violation: 1064 Erreur de syntaxe près de ')' à la ligne 1  

* D:\sites\ng-pictures\src\Core\Database\MysqlDatabase.php	78
		=> 13-Jul 19:29 : SQLSTATE[42000]: Syntax error or access violation: 1064 Erreur de syntaxe près de ')' à la ligne 1  

